2019-05-26 17:47:13.730  INFO 31021 --- [JavaFX Application Thread] o.s.boot.SpringApplication               : Starting application on joshdoe with PID 31021 (started by pace in /home/pace/Documents/AppsTiga)
2019-05-26 17:47:13.763  INFO 31021 --- [JavaFX Application Thread] o.s.boot.SpringApplication               : No active profile set, falling back to default profiles: default
2019-05-26 17:47:16.628  INFO 31021 --- [JavaFX Application Thread] .s.d.r.c.RepositoryConfigurationDelegate : Bootstrapping Spring Data repositories in DEFAULT mode.
2019-05-26 17:47:16.972  INFO 31021 --- [JavaFX Application Thread] .s.d.r.c.RepositoryConfigurationDelegate : Finished Spring Data repository scanning in 278ms. Found 2 repository interfaces.
2019-05-26 17:47:19.639  INFO 31021 --- [JavaFX Application Thread] com.zaxxer.hikari.HikariDataSource       : HikariPool-1 - Starting...
2019-05-26 17:47:21.534  INFO 31021 --- [JavaFX Application Thread] com.zaxxer.hikari.HikariDataSource       : HikariPool-1 - Start completed.
2019-05-26 17:47:28.433  INFO 31021 --- [JavaFX Application Thread] j.LocalContainerEntityManagerFactoryBean : Initialized JPA EntityManagerFactory for persistence unit 'default'
2019-05-26 17:47:31.194  INFO 31021 --- [JavaFX Application Thread] o.s.boot.SpringApplication               : Started application in 19.5 seconds (JVM running for 24.032)
2019-05-26 17:47:31.206  INFO 31021 --- [JavaFX Application Thread] USTJ.UstjMainApplication                 : Running USTJ Tracer Study Application Success ....
2019-05-26 17:47:52.338  INFO 31021 --- [JavaFX Application Thread] USTJ.Controller.App.LoginController      : Running USTJ Tracer Study Application Success ....
2019-05-26 17:47:52.517  WARN 31021 --- [JavaFX Application Thread] javafx                                   : Loading FXML document with JavaFX API of version 10.0.1 by JavaFX runtime of version 8.0.212
2019-05-26 17:47:53.289  WARN 31021 --- [JavaFX Application Thread] javafx                                   : Loading FXML document with JavaFX API of version 10.0.1 by JavaFX runtime of version 8.0.212
2019-05-26 17:48:07.935  WARN 31021 --- [JavaFX Application Thread] javafx                                   : Loading FXML document with JavaFX API of version 10.0.1 by JavaFX runtime of version 8.0.212
2019-05-26 17:48:26.082  INFO 31021 --- [JavaFX Application Thread] U.C.A.Property.GraduatesController       : Detail View Openning Success ....
2019-05-26 17:48:26.090  WARN 31021 --- [JavaFX Application Thread] javafx                                   : Loading FXML document with JavaFX API of version 10.0.1 by JavaFX runtime of version 8.0.212
2019-05-26 17:48:42.289  WARN 31021 --- [JavaFX Application Thread] javafx                                   : Loading FXML document with JavaFX API of version 10.0.1 by JavaFX runtime of version 8.0.212
2019-05-26 17:48:43.618  WARN 31021 --- [JavaFX Application Thread] javafx                                   : Loading FXML document with JavaFX API of version 10.0.1 by JavaFX runtime of version 8.0.212
2019-05-26 17:48:45.856  WARN 31021 --- [JavaFX Application Thread] javafx                                   : Loading FXML document with JavaFX API of version 10.0.1 by JavaFX runtime of version 8.0.212
2019-05-26 17:48:57.924  WARN 31021 --- [JavaFX Application Thread] javafx                                   : Loading FXML document with JavaFX API of version 10.0.1 by JavaFX runtime of version 8.0.212
2019-05-26 17:49:22.996  WARN 31021 --- [JavaFX Application Thread] javafx                                   : Loading FXML document with JavaFX API of version 10.0.1 by JavaFX runtime of version 8.0.212
2019-05-26 17:49:44.536  INFO 31021 --- [Thread-6] j.LocalContainerEntityManagerFactoryBean : Closing JPA EntityManagerFactory for persistence unit 'default'
2019-05-26 17:49:44.590  INFO 31021 --- [Thread-6] com.zaxxer.hikari.HikariDataSource       : HikariPool-1 - Shutdown initiated...
2019-05-26 17:49:44.678  INFO 31021 --- [Thread-6] com.zaxxer.hikari.HikariDataSource       : HikariPool-1 - Shutdown completed.
